mode: atomic
github.com/jtuchscherer/usagereport-plugin/usagereport.go:24.40,32.16 5 0
github.com/jtuchscherer/usagereport-plugin/usagereport.go:36.2,39.3 1 0
github.com/jtuchscherer/usagereport-plugin/usagereport.go:32.16,34.3 0 0
github.com/jtuchscherer/usagereport-plugin/usagereport.go:43.64,65.2 1 0
github.com/jtuchscherer/usagereport-plugin/usagereport.go:68.62,75.28 5 0
github.com/jtuchscherer/usagereport-plugin/usagereport.go:90.2,92.30 2 0
github.com/jtuchscherer/usagereport-plugin/usagereport.go:75.28,77.17 2 0
github.com/jtuchscherer/usagereport-plugin/usagereport.go:81.3,81.27 1 0
github.com/jtuchscherer/usagereport-plugin/usagereport.go:77.17,80.4 2 0
github.com/jtuchscherer/usagereport-plugin/usagereport.go:82.3,84.17 2 0
github.com/jtuchscherer/usagereport-plugin/usagereport.go:84.17,87.4 2 0
github.com/jtuchscherer/usagereport-plugin/usagereport.go:92.30,94.3 1 0
github.com/jtuchscherer/usagereport-plugin/usagereport.go:94.3,96.3 1 0
github.com/jtuchscherer/usagereport-plugin/usagereport.go:99.60,101.16 2 10
github.com/jtuchscherer/usagereport-plugin/usagereport.go:105.2,107.28 2 9
github.com/jtuchscherer/usagereport-plugin/usagereport.go:114.2,114.18 1 5
github.com/jtuchscherer/usagereport-plugin/usagereport.go:101.16,103.3 1 1
github.com/jtuchscherer/usagereport-plugin/usagereport.go:107.28,109.17 2 9
github.com/jtuchscherer/usagereport-plugin/usagereport.go:112.3,112.34 1 5
github.com/jtuchscherer/usagereport-plugin/usagereport.go:109.17,111.4 1 4
github.com/jtuchscherer/usagereport-plugin/usagereport.go:117.68,119.16 2 1
github.com/jtuchscherer/usagereport-plugin/usagereport.go:123.2,123.34 1 0
github.com/jtuchscherer/usagereport-plugin/usagereport.go:119.16,121.3 1 1
github.com/jtuchscherer/usagereport-plugin/usagereport.go:126.88,128.16 2 9
github.com/jtuchscherer/usagereport-plugin/usagereport.go:131.2,132.16 2 8
github.com/jtuchscherer/usagereport-plugin/usagereport.go:135.2,136.16 2 7
github.com/jtuchscherer/usagereport-plugin/usagereport.go:140.2,145.8 1 5
github.com/jtuchscherer/usagereport-plugin/usagereport.go:128.16,130.3 1 1
github.com/jtuchscherer/usagereport-plugin/usagereport.go:132.16,134.3 1 1
github.com/jtuchscherer/usagereport-plugin/usagereport.go:136.16,138.3 1 2
github.com/jtuchscherer/usagereport-plugin/usagereport.go:148.79,150.16 2 7
github.com/jtuchscherer/usagereport-plugin/usagereport.go:153.2,154.30 2 6
github.com/jtuchscherer/usagereport-plugin/usagereport.go:166.2,166.20 1 5
github.com/jtuchscherer/usagereport-plugin/usagereport.go:150.16,152.3 1 1
github.com/jtuchscherer/usagereport-plugin/usagereport.go:154.30,156.17 2 5
github.com/jtuchscherer/usagereport-plugin/usagereport.go:159.3,164.4 1 4
github.com/jtuchscherer/usagereport-plugin/usagereport.go:156.17,158.4 1 1
github.com/jtuchscherer/usagereport-plugin/usagereport.go:169.74,171.16 2 5
github.com/jtuchscherer/usagereport-plugin/usagereport.go:174.2,175.28 2 4
github.com/jtuchscherer/usagereport-plugin/usagereport.go:182.2,182.18 1 4
github.com/jtuchscherer/usagereport-plugin/usagereport.go:171.16,173.3 1 1
github.com/jtuchscherer/usagereport-plugin/usagereport.go:175.28,181.3 1 5
github.com/jtuchscherer/usagereport-plugin/usagereport.go:186.73,187.31 1 0
github.com/jtuchscherer/usagereport-plugin/usagereport.go:187.31,190.3 2 0
github.com/jtuchscherer/usagereport-plugin/usagereport.go:193.13,195.2 1 0
