mode: atomic
github.com/jtuchscherer/usagereport-plugin/apihelper/apihelper.go:53.48,55.2 1 15
github.com/jtuchscherer/usagereport-plugin/apihelper/apihelper.go:58.57,60.16 2 6
github.com/jtuchscherer/usagereport-plugin/apihelper/apihelper.go:63.2,65.30 3 5
github.com/jtuchscherer/usagereport-plugin/apihelper/apihelper.go:82.2,82.18 1 5
github.com/jtuchscherer/usagereport-plugin/apihelper/apihelper.go:60.16,62.3 1 1
github.com/jtuchscherer/usagereport-plugin/apihelper/apihelper.go:65.30,66.13 1 7
github.com/jtuchscherer/usagereport-plugin/apihelper/apihelper.go:69.3,69.59 1 7
github.com/jtuchscherer/usagereport-plugin/apihelper/apihelper.go:66.13,68.4 1 2
github.com/jtuchscherer/usagereport-plugin/apihelper/apihelper.go:69.59,80.4 4 206
github.com/jtuchscherer/usagereport-plugin/apihelper/apihelper.go:86.65,90.16 4 0
github.com/jtuchscherer/usagereport-plugin/apihelper/apihelper.go:94.2,95.18 2 0
github.com/jtuchscherer/usagereport-plugin/apihelper/apihelper.go:99.2,102.17 3 0
github.com/jtuchscherer/usagereport-plugin/apihelper/apihelper.go:90.16,92.3 1 0
github.com/jtuchscherer/usagereport-plugin/apihelper/apihelper.go:95.18,97.3 1 0
github.com/jtuchscherer/usagereport-plugin/apihelper/apihelper.go:105.68,115.2 4 0
github.com/jtuchscherer/usagereport-plugin/apihelper/apihelper.go:118.77,120.16 2 2
github.com/jtuchscherer/usagereport-plugin/apihelper/apihelper.go:123.2,123.84 1 1
github.com/jtuchscherer/usagereport-plugin/apihelper/apihelper.go:120.16,122.3 1 1
github.com/jtuchscherer/usagereport-plugin/apihelper/apihelper.go:127.76,129.16 2 2
github.com/jtuchscherer/usagereport-plugin/apihelper/apihelper.go:132.2,132.55 1 1
github.com/jtuchscherer/usagereport-plugin/apihelper/apihelper.go:129.16,131.3 1 1
github.com/jtuchscherer/usagereport-plugin/apihelper/apihelper.go:136.71,139.20 3 3
github.com/jtuchscherer/usagereport-plugin/apihelper/apihelper.go:159.2,159.20 1 2
github.com/jtuchscherer/usagereport-plugin/apihelper/apihelper.go:139.20,141.17 2 3
github.com/jtuchscherer/usagereport-plugin/apihelper/apihelper.go:144.3,144.61 1 2
github.com/jtuchscherer/usagereport-plugin/apihelper/apihelper.go:153.3,153.54 1 2
github.com/jtuchscherer/usagereport-plugin/apihelper/apihelper.go:141.17,143.4 1 1
github.com/jtuchscherer/usagereport-plugin/apihelper/apihelper.go:144.61,152.4 3 4
github.com/jtuchscherer/usagereport-plugin/apihelper/apihelper.go:153.54,155.4 1 0
github.com/jtuchscherer/usagereport-plugin/apihelper/apihelper.go:155.4,157.4 1 2
github.com/jtuchscherer/usagereport-plugin/apihelper/apihelper.go:163.67,166.20 3 2
github.com/jtuchscherer/usagereport-plugin/apihelper/apihelper.go:187.2,187.18 1 1
github.com/jtuchscherer/usagereport-plugin/apihelper/apihelper.go:166.20,168.17 2 2
github.com/jtuchscherer/usagereport-plugin/apihelper/apihelper.go:171.3,171.59 1 1
github.com/jtuchscherer/usagereport-plugin/apihelper/apihelper.go:181.3,181.52 1 1
github.com/jtuchscherer/usagereport-plugin/apihelper/apihelper.go:168.17,170.4 1 1
github.com/jtuchscherer/usagereport-plugin/apihelper/apihelper.go:171.59,180.4 3 1
github.com/jtuchscherer/usagereport-plugin/apihelper/apihelper.go:181.52,183.4 1 0
github.com/jtuchscherer/usagereport-plugin/apihelper/apihelper.go:183.4,185.4 1 1
