mode: atomic
github.com/jtuchscherer/usagereport-plugin/models/models.go:32.38,34.35 2 1
github.com/jtuchscherer/usagereport-plugin/models/models.go:37.2,37.23 1 1
github.com/jtuchscherer/usagereport-plugin/models/models.go:34.35,36.3 1 1
github.com/jtuchscherer/usagereport-plugin/models/models.go:40.33,42.35 2 1
github.com/jtuchscherer/usagereport-plugin/models/models.go:45.2,45.18 1 1
github.com/jtuchscherer/usagereport-plugin/models/models.go:42.35,44.3 1 1
github.com/jtuchscherer/usagereport-plugin/models/models.go:48.42,50.33 2 2
github.com/jtuchscherer/usagereport-plugin/models/models.go:55.2,55.17 1 2
github.com/jtuchscherer/usagereport-plugin/models/models.go:50.33,51.18 1 4
github.com/jtuchscherer/usagereport-plugin/models/models.go:51.18,53.4 1 2
github.com/jtuchscherer/usagereport-plugin/models/models.go:58.44,60.33 2 2
github.com/jtuchscherer/usagereport-plugin/models/models.go:65.2,65.25 1 2
github.com/jtuchscherer/usagereport-plugin/models/models.go:60.33,61.18 1 4
github.com/jtuchscherer/usagereport-plugin/models/models.go:61.18,63.4 1 2
github.com/jtuchscherer/usagereport-plugin/models/models.go:68.42,70.33 2 3
github.com/jtuchscherer/usagereport-plugin/models/models.go:73.2,73.23 1 3
github.com/jtuchscherer/usagereport-plugin/models/models.go:70.33,72.3 1 6
github.com/jtuchscherer/usagereport-plugin/models/models.go:76.49,78.33 2 2
github.com/jtuchscherer/usagereport-plugin/models/models.go:83.2,83.30 1 2
github.com/jtuchscherer/usagereport-plugin/models/models.go:78.33,79.18 1 4
github.com/jtuchscherer/usagereport-plugin/models/models.go:79.18,81.4 1 2
github.com/jtuchscherer/usagereport-plugin/models/models.go:86.39,92.34 4 1
github.com/jtuchscherer/usagereport-plugin/models/models.go:117.2,121.26 2 1
github.com/jtuchscherer/usagereport-plugin/models/models.go:92.34,96.36 2 1
github.com/jtuchscherer/usagereport-plugin/models/models.go:113.3,114.41 2 1
github.com/jtuchscherer/usagereport-plugin/models/models.go:96.36,111.4 7 1
github.com/jtuchscherer/usagereport-plugin/models/models.go:124.36,132.34 5 1
github.com/jtuchscherer/usagereport-plugin/models/models.go:151.2,151.22 1 1
github.com/jtuchscherer/usagereport-plugin/models/models.go:156.2,156.21 1 1
github.com/jtuchscherer/usagereport-plugin/models/models.go:132.34,133.36 1 1
github.com/jtuchscherer/usagereport-plugin/models/models.go:133.36,148.4 3 1
github.com/jtuchscherer/usagereport-plugin/models/models.go:151.22,154.3 2 2
